[2023-02-10 22:42:01] INFO test_login.py(28): 访问首页测试成功
[2023-02-10 22:42:03] INFO process_login.py(20): 请输入用户名：admin
[2023-02-10 22:42:04] INFO process_login.py(26): 请输入密码：22214
[2023-02-10 22:42:05] INFO process_login.py(32): 请输入验证码：0000
[2023-02-10 22:42:06] INFO process_login.py(38): 点击登录按钮
[2023-02-10 22:42:08] INFO test_login.py(66): 密码错误登录测试成功
[2023-02-10 22:42:14] INFO process_login.py(20): 请输入用户名：lol
[2023-02-10 22:42:15] INFO process_login.py(26): 请输入密码：vvv333
[2023-02-10 22:42:16] INFO process_login.py(32): 请输入验证码：0000
[2023-02-10 22:42:17] INFO process_login.py(38): 点击登录按钮
[2023-02-10 22:42:19] INFO test_login.py(66): 用户名不存在登录测试成功
[2023-02-10 22:42:26] INFO process_login.py(20): 请输入用户名：admin
[2023-02-10 22:42:27] INFO process_login.py(26): 请输入密码：vvv333
[2023-02-10 22:42:28] INFO process_login.py(32): 请输入验证码：0044
[2023-02-10 22:42:29] INFO process_login.py(38): 点击登录按钮
[2023-02-10 22:42:31] INFO test_login.py(66): 验证码错误登录测试成功
[2023-02-10 22:42:37] INFO process_login.py(20): 请输入用户名：admin
[2023-02-10 22:42:38] INFO process_login.py(26): 请输入密码：vvv333
[2023-02-10 22:42:39] INFO process_login.py(32): 请输入验证码：    
[2023-02-10 22:42:40] INFO process_login.py(38): 点击登录按钮
[2023-02-10 22:42:42] INFO test_login.py(66): 验证码不能为空登录测试成功
[2023-02-10 22:42:49] INFO process_login.py(20): 请输入用户名：admin
[2023-02-10 22:42:50] INFO process_login.py(26): 请输入密码：vvv333
[2023-02-10 22:42:51] INFO process_login.py(32): 请输入验证码：0000
[2023-02-10 22:42:52] INFO process_login.py(38): 点击登录按钮
[2023-02-10 22:42:52] INFO test_login.py(54): 登录测试成功
[2023-02-10 22:42:52] INFO test_login_api.py(28): 密码错误登录接口测试成功
[2023-02-10 22:42:52] INFO test_login_api.py(28): 用户名不存在登录接口测试成功
[2023-02-10 22:42:52] INFO test_login_api.py(28): 验证码错误登录接口测试成功
[2023-02-10 22:42:52] INFO test_login_api.py(28): 验证码不能为空登录接口测试成功
[2023-02-10 22:42:52] INFO test_login_api.py(24): 正确的登录接口测试成功
[2023-02-10 22:42:52] INFO process_rights_management.py(18): 点击权限管理
[2023-02-10 22:42:55] INFO process_rights_management.py(24): 点击账号管理
[2023-02-10 22:42:55] INFO process_rights_management.py(29): 点击新增按钮
[2023-02-10 22:42:55] INFO process_rights_management.py(39): 输入账号：qianping
[2023-02-10 22:42:55] INFO process_rights_management.py(44): 输入密码：vvv333
[2023-02-10 22:42:55] INFO process_rights_management.py(49): 再次输入密码：vvv333
[2023-02-10 22:42:55] INFO process_rights_management.py(54): 输入电话：13333333333
[2023-02-10 22:42:55] INFO process_rights_management.py(59): 输入姓名：普秀华
[2023-02-10 22:42:56] INFO process_rights_management.py(65): 点击选择角色下拉框
[2023-02-10 22:42:58] INFO process_rights_management.py(71): 点击选择角色
[2023-02-10 22:43:00] INFO process_rights_management.py(77): 点击账号输入栏，收回选择角色下拉框
[2023-02-10 22:43:01] INFO process_rights_management.py(83): 点击启用
[2023-02-10 22:43:03] INFO process_rights_management.py(89): 点击保存
[2023-02-10 22:43:05] INFO test_rightsmanagement.py(32): 新增账户测试成功
[2023-02-10 22:55:50] INFO test_login_api.py(28): 密码错误登录接口测试成功
[2023-02-10 22:55:50] INFO test_login_api.py(28): 用户名不存在登录接口测试成功
[2023-02-10 22:55:50] INFO test_login_api.py(28): 验证码错误登录接口测试成功
[2023-02-10 22:55:50] INFO test_login_api.py(28): 验证码不能为空登录接口测试成功
[2023-02-10 22:55:50] INFO test_login_api.py(24): 正确的登录接口测试成功
[2023-02-10 22:57:05] INFO test_login_api.py(28): 密码错误登录接口测试成功
[2023-02-10 22:57:05] INFO test_login_api.py(28): 用户名不存在登录接口测试成功
[2023-02-10 22:57:05] INFO test_login_api.py(28): 验证码错误登录接口测试成功
[2023-02-10 22:57:05] INFO test_login_api.py(28): 验证码不能为空登录接口测试成功
[2023-02-10 22:57:05] INFO test_login_api.py(24): 正确的登录接口测试成功
[2023-02-10 22:59:17] INFO test_login.py(28): 访问首页测试成功
[2023-02-10 22:59:18] INFO process_login.py(20): 请输入用户名：admin
[2023-02-10 22:59:19] INFO process_login.py(26): 请输入密码：22214
[2023-02-10 22:59:20] INFO process_login.py(32): 请输入验证码：0000
[2023-02-10 22:59:21] INFO process_login.py(38): 点击登录按钮
[2023-02-10 22:59:23] INFO test_login.py(66): 密码错误登录测试成功
[2023-02-10 22:59:30] INFO process_login.py(20): 请输入用户名：lol
[2023-02-10 22:59:31] INFO process_login.py(26): 请输入密码：vvv333
[2023-02-10 22:59:32] INFO process_login.py(32): 请输入验证码：0000
[2023-02-10 22:59:33] INFO process_login.py(38): 点击登录按钮
[2023-02-10 22:59:35] INFO test_login.py(66): 用户名不存在登录测试成功
[2023-02-10 22:59:41] INFO process_login.py(20): 请输入用户名：admin
[2023-02-10 22:59:42] INFO process_login.py(26): 请输入密码：vvv333
[2023-02-10 22:59:43] INFO process_login.py(32): 请输入验证码：0044
[2023-02-10 22:59:44] INFO process_login.py(38): 点击登录按钮
[2023-02-10 22:59:46] INFO test_login.py(66): 验证码错误登录测试成功
[2023-02-10 22:59:52] INFO process_login.py(20): 请输入用户名：admin
[2023-02-10 22:59:54] INFO process_login.py(26): 请输入密码：vvv333
[2023-02-10 22:59:55] INFO process_login.py(32): 请输入验证码：    
[2023-02-10 22:59:56] INFO process_login.py(38): 点击登录按钮
[2023-02-10 22:59:58] INFO test_login.py(66): 验证码不能为空登录测试成功
[2023-02-10 23:00:04] INFO process_login.py(20): 请输入用户名：admin
[2023-02-10 23:00:05] INFO process_login.py(26): 请输入密码：vvv333
[2023-02-10 23:00:06] INFO process_login.py(32): 请输入验证码：0000
[2023-02-10 23:00:07] INFO process_login.py(38): 点击登录按钮
[2023-02-10 23:00:07] INFO test_login.py(54): 登录测试成功
[2023-02-10 23:00:07] INFO test_login_api.py(28): 密码错误登录接口测试成功
[2023-02-10 23:00:08] INFO test_login_api.py(28): 用户名不存在登录接口测试成功
[2023-02-10 23:00:08] INFO test_login_api.py(28): 验证码错误登录接口测试成功
[2023-02-10 23:00:08] INFO test_login_api.py(28): 验证码不能为空登录接口测试成功
[2023-02-10 23:00:08] INFO test_login_api.py(24): 正确的登录接口测试成功
[2023-02-10 23:00:08] INFO process_rights_management.py(18): 点击权限管理
[2023-02-10 23:00:10] INFO process_rights_management.py(24): 点击账号管理
[2023-02-10 23:00:10] INFO process_rights_management.py(29): 点击新增按钮
[2023-02-10 23:00:10] INFO process_rights_management.py(39): 输入账号：jiaxiuying
[2023-02-10 23:00:10] INFO process_rights_management.py(44): 输入密码：vvv333
[2023-02-10 23:00:10] INFO process_rights_management.py(49): 再次输入密码：vvv333
[2023-02-10 23:00:10] INFO process_rights_management.py(54): 输入电话：13333333333
[2023-02-10 23:00:10] INFO process_rights_management.py(59): 输入姓名：宋玉华
[2023-02-10 23:00:12] INFO process_rights_management.py(65): 点击选择角色下拉框
[2023-02-10 23:00:14] INFO process_rights_management.py(71): 点击选择角色
[2023-02-10 23:00:16] INFO process_rights_management.py(77): 点击账号输入栏，收回选择角色下拉框
[2023-02-10 23:00:17] INFO process_rights_management.py(83): 点击启用
[2023-02-10 23:00:19] INFO process_rights_management.py(89): 点击保存
[2023-02-10 23:00:20] INFO test_rightsmanagement.py(32): 新增账户测试成功
[2023-02-10 23:00:20] ERROR test_rightsmanagement_api.py(39): 登录请求遇到意外错误，错误原因：'NoneType' object has no attribute 'json'。
[2023-02-10 23:00:20] ERROR test_rightsmanagement_api.py(39): 登录请求遇到意外错误，错误原因：'NoneType' object has no attribute 'json'。
[2023-02-10 23:00:20] ERROR test_rightsmanagement_api.py(39): 登录请求遇到意外错误，错误原因：'NoneType' object has no attribute 'json'。
[2023-02-10 23:00:20] ERROR test_rightsmanagement_api.py(39): 登录请求遇到意外错误，错误原因：'NoneType' object has no attribute 'json'。
[2023-02-10 23:05:43] ERROR test_rightsmanagement_api.py(39): 登录请求遇到意外错误，错误原因：'NoneType' object has no attribute 'json'。
[2023-02-10 23:05:43] ERROR test_rightsmanagement_api.py(39): 登录请求遇到意外错误，错误原因：'NoneType' object has no attribute 'json'。
[2023-02-10 23:05:43] ERROR test_rightsmanagement_api.py(39): 登录请求遇到意外错误，错误原因：'NoneType' object has no attribute 'json'。
[2023-02-10 23:05:43] ERROR test_rightsmanagement_api.py(39): 登录请求遇到意外错误，错误原因：'NoneType' object has no attribute 'json'。
[2023-02-10 23:06:55] ERROR test_rightsmanagement_api.py(39): 登录请求遇到意外错误，错误原因：'NoneType' object has no attribute 'json'。
[2023-02-10 23:06:55] ERROR test_rightsmanagement_api.py(39): 登录请求遇到意外错误，错误原因：'NoneType' object has no attribute 'json'。
[2023-02-10 23:06:55] ERROR test_rightsmanagement_api.py(39): 登录请求遇到意外错误，错误原因：'NoneType' object has no attribute 'json'。
[2023-02-10 23:06:55] ERROR test_rightsmanagement_api.py(39): 登录请求遇到意外错误，错误原因：'NoneType' object has no attribute 'json'。
[2023-02-10 23:07:54] INFO test_login.py(28): 访问首页测试成功
[2023-02-10 23:07:55] INFO process_login.py(20): 请输入用户名：admin
[2023-02-10 23:07:56] INFO process_login.py(26): 请输入密码：22214
[2023-02-10 23:07:57] INFO process_login.py(32): 请输入验证码：0000
[2023-02-10 23:07:58] INFO process_login.py(38): 点击登录按钮
[2023-02-10 23:08:00] INFO test_login.py(66): 密码错误登录测试成功
[2023-02-10 23:08:06] INFO process_login.py(20): 请输入用户名：lol
[2023-02-10 23:08:07] INFO process_login.py(26): 请输入密码：vvv333
[2023-02-10 23:08:09] INFO process_login.py(32): 请输入验证码：0000
[2023-02-10 23:08:10] INFO process_login.py(38): 点击登录按钮
[2023-02-10 23:08:12] INFO test_login.py(66): 用户名不存在登录测试成功
[2023-02-10 23:08:18] INFO process_login.py(20): 请输入用户名：admin
[2023-02-10 23:08:19] INFO process_login.py(26): 请输入密码：vvv333
[2023-02-10 23:08:20] INFO process_login.py(32): 请输入验证码：0044
[2023-02-10 23:08:21] INFO process_login.py(38): 点击登录按钮
[2023-02-10 23:08:23] INFO test_login.py(66): 验证码错误登录测试成功
[2023-02-10 23:08:29] INFO process_login.py(20): 请输入用户名：admin
[2023-02-10 23:08:30] INFO process_login.py(26): 请输入密码：vvv333
[2023-02-10 23:08:31] INFO process_login.py(32): 请输入验证码：    
[2023-02-10 23:08:32] INFO process_login.py(38): 点击登录按钮
[2023-02-10 23:08:35] INFO test_login.py(66): 验证码不能为空登录测试成功
[2023-02-10 23:08:41] INFO process_login.py(20): 请输入用户名：admin
[2023-02-10 23:08:42] INFO process_login.py(26): 请输入密码：vvv333
[2023-02-10 23:08:43] INFO process_login.py(32): 请输入验证码：0000
[2023-02-10 23:08:44] INFO process_login.py(38): 点击登录按钮
[2023-02-10 23:08:44] INFO test_login.py(54): 登录测试成功
[2023-02-10 23:08:44] INFO test_login_api.py(28): 密码错误登录接口测试成功
[2023-02-10 23:08:44] INFO test_login_api.py(28): 用户名不存在登录接口测试成功
[2023-02-10 23:08:44] INFO test_login_api.py(28): 验证码错误登录接口测试成功
[2023-02-10 23:08:44] INFO test_login_api.py(28): 验证码不能为空登录接口测试成功
[2023-02-10 23:08:44] INFO test_login_api.py(24): 正确的登录接口测试成功
[2023-02-10 23:08:45] INFO process_rights_management.py(18): 点击权限管理
[2023-02-10 23:08:47] INFO process_rights_management.py(24): 点击账号管理
[2023-02-10 23:08:47] INFO process_rights_management.py(29): 点击新增按钮
[2023-02-10 23:08:47] INFO process_rights_management.py(39): 输入账号：xiulan06
[2023-02-10 23:08:47] INFO process_rights_management.py(44): 输入密码：vvv333
[2023-02-10 23:08:47] INFO process_rights_management.py(49): 再次输入密码：vvv333
[2023-02-10 23:08:47] INFO process_rights_management.py(54): 输入电话：13333333333
[2023-02-10 23:08:47] INFO process_rights_management.py(59): 输入姓名：骆桂香
[2023-02-10 23:08:49] INFO process_rights_management.py(65): 点击选择角色下拉框
[2023-02-10 23:08:51] INFO process_rights_management.py(71): 点击选择角色
[2023-02-10 23:08:53] INFO process_rights_management.py(77): 点击账号输入栏，收回选择角色下拉框
[2023-02-10 23:08:54] INFO process_rights_management.py(83): 点击启用
[2023-02-10 23:08:56] INFO process_rights_management.py(89): 点击保存
[2023-02-10 23:08:57] INFO test_rightsmanagement.py(32): 新增账户测试成功
[2023-02-10 23:08:57] INFO test_rightsmanagement_api.py(31): 新增账号管理接口测试失败，实际测试结果为{"code":500,"msg":"该账号已存在"}，响应代码为200,请求url为http://192.168.163.131/smart_parking_bg/staff/insert,请求头为{'User-Agent': 'python-requests/2.27.1', 'Accept-Encoding': 'gzip, deflate', 'Accept': '*/*', 'Connection': 'keep-alive', 'Content-Length': '160', 'Content-Type': 'application/json'},请求体为b'{"id": "-1", "accountName": "vvv", "password": "vvv333", "checkPass": "vvv333", "tel": 19999999999, "realName": "\\u6539\\u6539", "haveRoleList": [2], "state": 1}'。
[2023-02-10 23:08:57] INFO test_rightsmanagement_api.py(27): 新增账户-该账号已存在接口测试成功
[2023-02-10 23:08:57] INFO test_rightsmanagement_api.py(31): 新增账号管理接口测试失败，实际测试结果为{"code":500,"msg":"该账号已存在"}，响应代码为200,请求url为http://192.168.163.131/smart_parking_bg/staff/insert,请求头为{'User-Agent': 'python-requests/2.27.1', 'Accept-Encoding': 'gzip, deflate', 'Accept': '*/*', 'Connection': 'keep-alive', 'Content-Length': '160', 'Content-Type': 'application/json'},请求体为b'{"id": "-1", "accountName": "22d", "password": "vvv333", "checkPass": "vvv333", "tel": 19999999999, "realName": "\\u6539\\u6539", "haveRoleList": [2], "state": 1}'。
[2023-02-10 23:08:57] INFO test_rightsmanagement_api.py(31): 新增账号管理接口测试失败，实际测试结果为{"code":500,"msg":"该账号已存在"}，响应代码为200,请求url为http://192.168.163.131/smart_parking_bg/staff/insert,请求头为{'User-Agent': 'python-requests/2.27.1', 'Accept-Encoding': 'gzip, deflate', 'Accept': '*/*', 'Connection': 'keep-alive', 'Content-Length': '160', 'Content-Type': 'application/json'},请求体为b'{"id": "-1", "accountName": "22c", "password": "vvv333", "checkPass": "vvv333", "tel": 19999999999, "realName": "\\u6539\\u6539", "haveRoleList": [2], "state": 2}'。
[2023-02-10 23:11:17] INFO test_login.py(28): 访问首页测试成功
[2023-02-10 23:11:19] INFO process_login.py(20): 请输入用户名：admin
[2023-02-10 23:11:20] INFO process_login.py(26): 请输入密码：22214
[2023-02-10 23:11:21] INFO process_login.py(32): 请输入验证码：0000
[2023-02-10 23:11:22] INFO process_login.py(38): 点击登录按钮
[2023-02-10 23:11:24] INFO test_login.py(66): 密码错误登录测试成功
[2023-02-10 23:11:30] INFO process_login.py(20): 请输入用户名：lol
[2023-02-10 23:11:31] INFO process_login.py(26): 请输入密码：vvv333
[2023-02-10 23:11:32] INFO process_login.py(32): 请输入验证码：0000
[2023-02-10 23:11:33] INFO process_login.py(38): 点击登录按钮
[2023-02-10 23:11:35] INFO test_login.py(66): 用户名不存在登录测试成功
[2023-02-10 23:11:41] INFO process_login.py(20): 请输入用户名：admin
[2023-02-10 23:11:43] INFO process_login.py(26): 请输入密码：vvv333
[2023-02-10 23:11:44] INFO process_login.py(32): 请输入验证码：0044
[2023-02-10 23:11:45] INFO process_login.py(38): 点击登录按钮
[2023-02-10 23:11:47] INFO test_login.py(66): 验证码错误登录测试成功
[2023-02-10 23:11:53] INFO process_login.py(20): 请输入用户名：admin
[2023-02-10 23:11:54] INFO process_login.py(26): 请输入密码：vvv333
[2023-02-10 23:11:55] INFO process_login.py(32): 请输入验证码：    
[2023-02-10 23:11:56] INFO process_login.py(38): 点击登录按钮
[2023-02-10 23:11:58] INFO test_login.py(66): 验证码不能为空登录测试成功
[2023-02-10 23:12:04] INFO process_login.py(20): 请输入用户名：admin
[2023-02-10 23:12:06] INFO process_login.py(26): 请输入密码：vvv333
[2023-02-10 23:12:07] INFO process_login.py(32): 请输入验证码：0000
[2023-02-10 23:12:08] INFO process_login.py(38): 点击登录按钮
[2023-02-10 23:12:08] INFO test_login.py(54): 登录测试成功
[2023-02-10 23:12:08] INFO test_login_api.py(28): 密码错误登录接口测试成功
[2023-02-10 23:12:08] INFO test_login_api.py(28): 用户名不存在登录接口测试成功
[2023-02-10 23:12:08] INFO test_login_api.py(28): 验证码错误登录接口测试成功
[2023-02-10 23:12:08] INFO test_login_api.py(28): 验证码不能为空登录接口测试成功
[2023-02-10 23:12:08] INFO test_login_api.py(24): 正确的登录接口测试成功
[2023-02-10 23:12:08] INFO process_rights_management.py(18): 点击权限管理
[2023-02-10 23:12:10] INFO process_rights_management.py(24): 点击账号管理
[2023-02-10 23:12:11] INFO process_rights_management.py(29): 点击新增按钮
[2023-02-10 23:12:11] INFO process_rights_management.py(39): 输入账号：qiang74
[2023-02-10 23:12:11] INFO process_rights_management.py(44): 输入密码：vvv333
[2023-02-10 23:12:11] INFO process_rights_management.py(49): 再次输入密码：vvv333
[2023-02-10 23:12:11] INFO process_rights_management.py(54): 输入电话：13333333333
[2023-02-10 23:12:11] INFO process_rights_management.py(59): 输入姓名：刘建国
[2023-02-10 23:12:12] INFO process_rights_management.py(65): 点击选择角色下拉框
[2023-02-10 23:12:14] INFO process_rights_management.py(71): 点击选择角色
[2023-02-10 23:12:16] INFO process_rights_management.py(77): 点击账号输入栏，收回选择角色下拉框
[2023-02-10 23:12:17] INFO process_rights_management.py(83): 点击启用
[2023-02-10 23:12:19] INFO process_rights_management.py(89): 点击保存
[2023-02-10 23:12:21] INFO test_rightsmanagement.py(32): 新增账户测试成功
[2023-02-10 23:12:21] INFO test_rightsmanagement_api.py(23): 新增账户-账号创建成功接口测试成功
[2023-02-10 23:12:21] INFO test_rightsmanagement_api.py(27): 新增账户-该账号已存在接口测试成功
[2023-02-10 23:12:21] INFO test_rightsmanagement_api.py(23): 新增账户-账号创建成功接口测试成功
[2023-02-10 23:12:21] INFO test_rightsmanagement_api.py(23): 新增账户-账号创建成功接口测试成功
