[2023-02-08 00:08:04] INFO test_login.py(28): 访问首页测试成功
[2023-02-08 00:08:05] INFO process_login.py(20): 请输入用户名：admin
[2023-02-08 00:08:06] INFO process_login.py(26): 请输入密码：22214
[2023-02-08 00:08:07] INFO process_login.py(32): 请输入验证码：0000
[2023-02-08 00:08:08] INFO process_login.py(38): 点击登录按钮
[2023-02-08 00:08:11] INFO test_login.py(66): 密码错误登录测试成功
[2023-02-08 00:08:17] INFO process_login.py(20): 请输入用户名：lol
[2023-02-08 00:08:18] INFO process_login.py(26): 请输入密码：vvv333
[2023-02-08 00:08:19] INFO process_login.py(32): 请输入验证码：0000
[2023-02-08 00:08:20] INFO process_login.py(38): 点击登录按钮
[2023-02-08 00:08:22] INFO test_login.py(66): 用户名不存在登录测试成功
[2023-02-08 00:08:28] INFO process_login.py(20): 请输入用户名：admin
[2023-02-08 00:08:29] INFO process_login.py(26): 请输入密码：vvv333
[2023-02-08 00:08:30] INFO process_login.py(32): 请输入验证码：0044
[2023-02-08 00:08:31] INFO process_login.py(38): 点击登录按钮
[2023-02-08 00:08:33] INFO test_login.py(66): 验证码错误登录测试成功
[2023-02-08 00:08:39] INFO process_login.py(20): 请输入用户名：admin
[2023-02-08 00:08:41] INFO process_login.py(26): 请输入密码：vvv333
[2023-02-08 00:08:42] INFO process_login.py(32): 请输入验证码：    
[2023-02-08 00:08:43] INFO process_login.py(38): 点击登录按钮
[2023-02-08 00:08:45] INFO test_login.py(66): 验证码不能为空登录测试成功
[2023-02-08 00:08:51] INFO process_login.py(20): 请输入用户名：admin
[2023-02-08 00:08:52] INFO process_login.py(26): 请输入密码：vvv333
[2023-02-08 00:08:53] INFO process_login.py(32): 请输入验证码：0000
[2023-02-08 00:08:54] INFO process_login.py(38): 点击登录按钮
[2023-02-08 00:08:54] INFO test_login.py(54): 登录测试成功
[2023-02-08 00:08:54] INFO test_login_api.py(30): 密码错误登录接口测试成功
[2023-02-08 00:08:54] INFO test_login_api.py(30): 用户名不存在登录接口测试成功
[2023-02-08 00:08:55] INFO test_login_api.py(30): 验证码错误登录接口测试成功
[2023-02-08 00:08:55] INFO test_login_api.py(30): 验证码不能为空登录接口测试成功
[2023-02-08 00:08:55] INFO test_login_api.py(26): 正确的登录接口测试成功
[2023-02-08 00:08:55] INFO process_rights_management.py(16): 点击权限管理
[2023-02-08 00:08:57] INFO process_rights_management.py(22): 点击账号管理
[2023-02-08 00:08:57] INFO process_rights_management.py(27): 点击新增按钮
[2023-02-08 00:08:57] INFO process_rights_management.py(37): 输入账号：cat2
[2023-02-08 00:08:57] INFO process_rights_management.py(42): 输入密码：vvv333
[2023-02-08 00:08:57] INFO process_rights_management.py(47): 再次输入密码：vvv333
[2023-02-08 00:08:57] INFO process_rights_management.py(52): 输入电话：13333333333
[2023-02-08 00:08:57] INFO process_rights_management.py(57): 输入姓名：摆摆
[2023-02-08 00:08:58] INFO process_rights_management.py(63): 点击选择角色下拉框
[2023-02-08 00:09:00] INFO process_rights_management.py(69): 点击选择角色
[2023-02-08 00:09:03] INFO process_rights_management.py(75): 点击账号输入栏，收回选择角色下拉框
[2023-02-08 00:09:04] INFO process_rights_management.py(81): 点击启用
[2023-02-08 00:09:06] INFO process_rights_management.py(87): 点击保存
[2023-02-08 00:09:07] INFO test_rightsmanagement.py(30): 新增账户测试成功
[2023-02-08 00:11:07] INFO test_login.py(28): 访问首页测试成功
[2023-02-08 00:11:08] INFO process_login.py(20): 请输入用户名：admin
[2023-02-08 00:11:09] INFO process_login.py(26): 请输入密码：22214
[2023-02-08 00:11:11] INFO process_login.py(32): 请输入验证码：0000
[2023-02-08 00:11:12] INFO process_login.py(38): 点击登录按钮
[2023-02-08 00:11:14] INFO test_login.py(66): 密码错误登录测试成功
[2023-02-08 00:11:20] INFO process_login.py(20): 请输入用户名：lol
[2023-02-08 00:11:21] INFO process_login.py(26): 请输入密码：vvv333
[2023-02-08 00:11:22] INFO process_login.py(32): 请输入验证码：0000
[2023-02-08 00:11:23] INFO process_login.py(38): 点击登录按钮
[2023-02-08 00:11:25] INFO test_login.py(66): 用户名不存在登录测试成功
[2023-02-08 00:11:31] INFO process_login.py(20): 请输入用户名：admin
[2023-02-08 00:11:32] INFO process_login.py(26): 请输入密码：vvv333
[2023-02-08 00:11:33] INFO process_login.py(32): 请输入验证码：0044
[2023-02-08 00:11:34] INFO process_login.py(38): 点击登录按钮
[2023-02-08 00:11:37] INFO test_login.py(66): 验证码错误登录测试成功
[2023-02-08 00:11:43] INFO process_login.py(20): 请输入用户名：admin
[2023-02-08 00:11:44] INFO process_login.py(26): 请输入密码：vvv333
[2023-02-08 00:11:45] INFO process_login.py(32): 请输入验证码：    
[2023-02-08 00:11:46] INFO process_login.py(38): 点击登录按钮
[2023-02-08 00:11:48] INFO test_login.py(66): 验证码不能为空登录测试成功
[2023-02-08 00:11:54] INFO process_login.py(20): 请输入用户名：admin
[2023-02-08 00:11:55] INFO process_login.py(26): 请输入密码：vvv333
[2023-02-08 00:11:56] INFO process_login.py(32): 请输入验证码：0000
[2023-02-08 00:11:57] INFO process_login.py(38): 点击登录按钮
[2023-02-08 00:11:58] INFO test_login.py(54): 登录测试成功
[2023-02-08 00:11:58] INFO test_login_api.py(30): 密码错误登录接口测试成功
[2023-02-08 00:11:58] INFO test_login_api.py(30): 用户名不存在登录接口测试成功
[2023-02-08 00:11:58] INFO test_login_api.py(30): 验证码错误登录接口测试成功
[2023-02-08 00:11:58] INFO test_login_api.py(30): 验证码不能为空登录接口测试成功
[2023-02-08 00:11:58] INFO test_login_api.py(26): 正确的登录接口测试成功
[2023-02-08 00:11:58] INFO process_rights_management.py(16): 点击权限管理
[2023-02-08 00:12:00] INFO process_rights_management.py(22): 点击账号管理
[2023-02-08 00:12:00] INFO process_rights_management.py(27): 点击新增按钮
[2023-02-08 00:12:00] INFO process_rights_management.py(37): 输入账号：cat3
[2023-02-08 00:12:00] INFO process_rights_management.py(42): 输入密码：vvv333
[2023-02-08 00:12:00] INFO process_rights_management.py(47): 再次输入密码：vvv333
[2023-02-08 00:12:00] INFO process_rights_management.py(52): 输入电话：13333333333
[2023-02-08 00:12:01] INFO process_rights_management.py(57): 输入姓名：摆摆
[2023-02-08 00:12:02] INFO process_rights_management.py(63): 点击选择角色下拉框
[2023-02-08 00:12:04] INFO process_rights_management.py(69): 点击选择角色
[2023-02-08 00:12:06] INFO process_rights_management.py(75): 点击账号输入栏，收回选择角色下拉框
[2023-02-08 00:12:07] INFO process_rights_management.py(81): 点击启用
[2023-02-08 00:12:09] INFO process_rights_management.py(87): 点击保存
[2023-02-08 00:12:10] INFO test_rightsmanagement.py(30): 新增账户测试成功
[2023-02-08 00:23:20] INFO test_login.py(28): 访问首页测试成功
[2023-02-08 00:23:21] INFO process_login.py(20): 请输入用户名：admin
[2023-02-08 00:23:22] INFO process_login.py(26): 请输入密码：22214
[2023-02-08 00:23:24] INFO process_login.py(32): 请输入验证码：0000
[2023-02-08 00:23:25] INFO process_login.py(38): 点击登录按钮
[2023-02-08 00:23:27] INFO test_login.py(66): 密码错误登录测试成功
[2023-02-08 00:23:33] INFO process_login.py(20): 请输入用户名：lol
[2023-02-08 00:23:34] INFO process_login.py(26): 请输入密码：vvv333
[2023-02-08 00:23:35] INFO process_login.py(32): 请输入验证码：0000
[2023-02-08 00:23:36] INFO process_login.py(38): 点击登录按钮
[2023-02-08 00:23:38] INFO test_login.py(66): 用户名不存在登录测试成功
[2023-02-08 00:23:44] INFO process_login.py(20): 请输入用户名：admin
[2023-02-08 00:23:45] INFO process_login.py(26): 请输入密码：vvv333
[2023-02-08 00:23:46] INFO process_login.py(32): 请输入验证码：0044
[2023-02-08 00:23:47] INFO process_login.py(38): 点击登录按钮
[2023-02-08 00:23:49] INFO test_login.py(66): 验证码错误登录测试成功
[2023-02-08 00:23:56] INFO process_login.py(20): 请输入用户名：admin
[2023-02-08 00:23:57] INFO process_login.py(26): 请输入密码：vvv333
[2023-02-08 00:23:58] INFO process_login.py(32): 请输入验证码：    
[2023-02-08 00:23:59] INFO process_login.py(38): 点击登录按钮
[2023-02-08 00:24:01] INFO test_login.py(66): 验证码不能为空登录测试成功
[2023-02-08 00:24:07] INFO process_login.py(20): 请输入用户名：admin
[2023-02-08 00:24:08] INFO process_login.py(26): 请输入密码：vvv333
[2023-02-08 00:24:09] INFO process_login.py(32): 请输入验证码：0000
[2023-02-08 00:24:10] INFO process_login.py(38): 点击登录按钮
[2023-02-08 00:24:10] INFO test_login.py(54): 登录测试成功
[2023-02-08 00:24:11] INFO test_login_api.py(30): 密码错误登录接口测试成功
[2023-02-08 00:24:11] INFO test_login_api.py(30): 用户名不存在登录接口测试成功
[2023-02-08 00:24:11] INFO test_login_api.py(30): 验证码错误登录接口测试成功
[2023-02-08 00:24:11] INFO test_login_api.py(30): 验证码不能为空登录接口测试成功
[2023-02-08 00:24:11] INFO test_login_api.py(26): 正确的登录接口测试成功
[2023-02-08 00:24:11] INFO process_rights_management.py(16): 点击权限管理
[2023-02-08 00:24:13] INFO process_rights_management.py(22): 点击账号管理
[2023-02-08 00:24:13] INFO process_rights_management.py(27): 点击新增按钮
[2023-02-08 00:24:13] INFO process_rights_management.py(37): 输入账号：cat4
[2023-02-08 00:24:13] INFO process_rights_management.py(42): 输入密码：vvv333
[2023-02-08 00:24:13] INFO process_rights_management.py(47): 再次输入密码：vvv333
[2023-02-08 00:24:13] INFO process_rights_management.py(52): 输入电话：13333333333
[2023-02-08 00:24:13] INFO process_rights_management.py(57): 输入姓名：摆摆
[2023-02-08 00:24:14] INFO process_rights_management.py(63): 点击选择角色下拉框
[2023-02-08 00:24:17] INFO process_rights_management.py(69): 点击选择角色
[2023-02-08 00:24:19] INFO process_rights_management.py(75): 点击账号输入栏，收回选择角色下拉框
[2023-02-08 00:24:20] INFO process_rights_management.py(81): 点击启用
[2023-02-08 00:24:22] INFO process_rights_management.py(87): 点击保存
[2023-02-08 00:24:23] INFO test_rightsmanagement.py(30): 新增账户测试成功
[2023-02-08 21:39:20] INFO test_login.py(28): 访问首页测试成功
[2023-02-08 21:39:21] INFO process_login.py(20): 请输入用户名：admin
[2023-02-08 21:39:22] INFO process_login.py(26): 请输入密码：22214
[2023-02-08 21:39:23] INFO process_login.py(32): 请输入验证码：0000
[2023-02-08 21:39:24] INFO process_login.py(38): 点击登录按钮
[2023-02-08 21:39:26] INFO test_login.py(66): 密码错误登录测试成功
[2023-02-08 21:39:33] INFO process_login.py(20): 请输入用户名：lol
[2023-02-08 21:39:34] INFO process_login.py(26): 请输入密码：vvv333
[2023-02-08 21:39:35] INFO process_login.py(32): 请输入验证码：0000
[2023-02-08 21:39:36] INFO process_login.py(38): 点击登录按钮
[2023-02-08 21:39:38] INFO test_login.py(66): 用户名不存在登录测试成功
[2023-02-08 21:39:44] INFO process_login.py(20): 请输入用户名：admin
[2023-02-08 21:39:45] INFO process_login.py(26): 请输入密码：vvv333
[2023-02-08 21:39:46] INFO process_login.py(32): 请输入验证码：0044
[2023-02-08 21:39:47] INFO process_login.py(38): 点击登录按钮
[2023-02-08 21:39:49] INFO test_login.py(66): 验证码错误登录测试成功
[2023-02-08 21:39:55] INFO process_login.py(20): 请输入用户名：admin
[2023-02-08 21:39:56] INFO process_login.py(26): 请输入密码：vvv333
[2023-02-08 21:39:58] INFO process_login.py(32): 请输入验证码：    
[2023-02-08 21:39:59] INFO process_login.py(38): 点击登录按钮
[2023-02-08 21:40:01] INFO test_login.py(66): 验证码不能为空登录测试成功
[2023-02-08 21:40:07] INFO process_login.py(20): 请输入用户名：admin
[2023-02-08 21:40:08] INFO process_login.py(26): 请输入密码：vvv333
[2023-02-08 21:40:09] INFO process_login.py(32): 请输入验证码：0000
[2023-02-08 21:40:10] INFO process_login.py(38): 点击登录按钮
[2023-02-08 21:40:10] INFO test_login.py(54): 登录测试成功
[2023-02-08 21:40:11] INFO test_login_api.py(30): 密码错误登录接口测试成功
[2023-02-08 21:40:11] INFO test_login_api.py(30): 用户名不存在登录接口测试成功
[2023-02-08 21:40:11] INFO test_login_api.py(30): 验证码错误登录接口测试成功
[2023-02-08 21:40:11] INFO test_login_api.py(30): 验证码不能为空登录接口测试成功
[2023-02-08 21:40:11] INFO test_login_api.py(26): 正确的登录接口测试成功
[2023-02-08 21:40:11] INFO process_rights_management.py(18): 点击权限管理
[2023-02-08 21:40:13] INFO process_rights_management.py(24): 点击账号管理
[2023-02-08 21:40:13] INFO process_rights_management.py(29): 点击新增按钮
[2023-02-08 21:40:13] INFO process_rights_management.py(39): 输入账号：clu
[2023-02-08 21:40:13] INFO process_rights_management.py(44): 输入密码：vvv333
[2023-02-08 21:40:13] INFO process_rights_management.py(49): 再次输入密码：vvv333
[2023-02-08 21:40:13] INFO process_rights_management.py(54): 输入电话：13333333333
[2023-02-08 21:40:13] INFO process_rights_management.py(59): 输入姓名：樊秀英
[2023-02-08 21:40:15] INFO process_rights_management.py(65): 点击选择角色下拉框
[2023-02-08 21:40:17] INFO process_rights_management.py(71): 点击选择角色
[2023-02-08 21:40:19] INFO process_rights_management.py(77): 点击账号输入栏，收回选择角色下拉框
[2023-02-08 21:40:20] INFO process_rights_management.py(83): 点击启用
[2023-02-08 21:40:22] INFO process_rights_management.py(89): 点击保存
[2023-02-08 21:40:23] INFO test_rightsmanagement.py(32): 新增账户测试成功
