[2023-02-01 22:31:40] INFO test_login.py(24): 访问首页测试成功
[2023-02-01 22:31:40] INFO process_login.py(18): 请输入用户名：gf
[2023-02-01 22:31:40] INFO process_login.py(23): 请输入密码：vvv333
[2023-02-01 22:31:40] INFO process_login.py(28): 请输入验证码：0000
[2023-02-01 22:31:40] INFO process_login.py(33): 点击登录按钮
[2023-02-01 22:31:41] INFO test_login.py(51): 登录测试成功
[2023-02-01 22:31:41] INFO process_rights_management.py(16): 点击权限管理
[2023-02-01 22:31:43] INFO process_rights_management.py(22): 点击账号管理
[2023-02-01 22:31:43] INFO process_rights_management.py(27): 点击新增按钮
[2023-02-01 22:31:43] INFO process_rights_management.py(37): 输入账号：baibai3
[2023-02-01 22:31:43] INFO process_rights_management.py(42): 输入密码：vvv333
[2023-02-01 22:31:43] INFO process_rights_management.py(47): 再次输入密码：vvv333
[2023-02-01 22:31:44] INFO process_rights_management.py(52): 输入电话：13333333333
[2023-02-01 22:31:44] INFO process_rights_management.py(57): 输入姓名：摆摆
[2023-02-01 22:31:45] INFO process_rights_management.py(63): 点击选择角色下拉框
[2023-02-01 22:31:47] INFO process_rights_management.py(69): 点击选择角色
[2023-02-01 22:31:49] INFO process_rights_management.py(75): 点击账号输入栏，收回选择角色下拉框
[2023-02-01 22:31:50] INFO process_rights_management.py(81): 点击启用
[2023-02-01 22:31:52] INFO process_rights_management.py(87): 点击保存
[2023-02-01 22:31:53] INFO test_rightsmanagement.py(30): 新增账户测试成功
